Analysis & Synthesis report for RISC_UNI
Tue Jul 09 17:45:45 2019
Quartus II 64-Bit Version 13.0.0 Build 156 04/24/2013 SJ Web Edition


---------------------
; Table of Contents ;
---------------------
  1. Legal Notice
  2. Analysis & Synthesis Summary
  3. Analysis & Synthesis Settings
  4. Parallel Compilation
  5. Analysis & Synthesis IP Cores Summary
  6. Source assignments for MEM_INST:mem_i|altsyncram:altsyncram_component|altsyncram_rrc1:auto_generated
  7. Source assignments for MEM_DATA:mem_d|altsyncram:altsyncram_component|altsyncram_nqc1:auto_generated
  8. Parameter Settings for User Entity Instance: MEM_INST:mem_i|altsyncram:altsyncram_component
  9. Parameter Settings for User Entity Instance: XREGS:breg
 10. Parameter Settings for User Entity Instance: ULA_RV:ula
 11. Parameter Settings for User Entity Instance: MEM_DATA:mem_d|altsyncram:altsyncram_component
 12. altsyncram Parameter Settings by Entity Instance
 13. Port Connectivity Checks: "ULA_RV:ula"
 14. Port Connectivity Checks: "CNTRL:contr"
 15. Port Connectivity Checks: "XREGS:breg"
 16. Port Connectivity Checks: "MEM_INST:mem_i"
 17. Elapsed Time Per Partition
 18. Analysis & Synthesis Messages



----------------
; Legal Notice ;
----------------
Copyright (C) 1991-2013 Altera Corporation
Your use of Altera Corporation's design tools, logic functions 
and other software and tools, and its AMPP partner logic 
functions, and any output files from any of the foregoing 
(including device programming or simulation files), and any 
associated documentation or information are expressly subject 
to the terms and conditions of the Altera Program License 
Subscription Agreement, Altera MegaCore Function License 
Agreement, or other applicable license agreement, including, 
without limitation, that your use is for the sole purpose of 
programming logic devices manufactured by Altera and sold by 
Altera or its authorized distributors.  Please refer to the 
applicable agreement for further details.



+---------------------------------------------------------------------------------+
; Analysis & Synthesis Summary                                                    ;
+------------------------------------+--------------------------------------------+
; Analysis & Synthesis Status        ; Failed - Tue Jul 09 17:45:45 2019          ;
; Quartus II 64-Bit Version          ; 13.0.0 Build 156 04/24/2013 SJ Web Edition ;
; Revision Name                      ; RISC_UNI                                   ;
; Top-level Entity Name              ; RISC_UNI                                   ;
; Family                             ; Cyclone II                                 ;
; Total logic elements               ; N/A until Partition Merge                  ;
;     Total combinational functions  ; N/A until Partition Merge                  ;
;     Dedicated logic registers      ; N/A until Partition Merge                  ;
; Total registers                    ; N/A until Partition Merge                  ;
; Total pins                         ; N/A until Partition Merge                  ;
; Total virtual pins                 ; N/A until Partition Merge                  ;
; Total memory bits                  ; N/A until Partition Merge                  ;
; Embedded Multiplier 9-bit elements ; N/A until Partition Merge                  ;
; Total PLLs                         ; N/A until Partition Merge                  ;
+------------------------------------+--------------------------------------------+


+----------------------------------------------------------------------------------------------------------------------+
; Analysis & Synthesis Settings                                                                                        ;
+----------------------------------------------------------------------------+--------------------+--------------------+
; Option                                                                     ; Setting            ; Default Value      ;
+----------------------------------------------------------------------------+--------------------+--------------------+
; Device                                                                     ; EP2C70F896C6       ;                    ;
; Top-level entity name                                                      ; RISC_UNI           ; RISC_UNI           ;
; Family name                                                                ; Cyclone II         ; Cyclone IV GX      ;
; Use smart compilation                                                      ; Off                ; Off                ;
; Enable parallel Assembler and TimeQuest Timing Analyzer during compilation ; On                 ; On                 ;
; Enable compact report table                                                ; Off                ; Off                ;
; Restructure Multiplexers                                                   ; Auto               ; Auto               ;
; Create Debugging Nodes for IP Cores                                        ; Off                ; Off                ;
; Preserve fewer node names                                                  ; On                 ; On                 ;
; Disable OpenCore Plus hardware evaluation                                  ; Off                ; Off                ;
; Verilog Version                                                            ; Verilog_2001       ; Verilog_2001       ;
; VHDL Version                                                               ; VHDL_1993          ; VHDL_1993          ;
; State Machine Processing                                                   ; Auto               ; Auto               ;
; Safe State Machine                                                         ; Off                ; Off                ;
; Extract Verilog State Machines                                             ; On                 ; On                 ;
; Extract VHDL State Machines                                                ; On                 ; On                 ;
; Ignore Verilog initial constructs                                          ; Off                ; Off                ;
; Iteration limit for constant Verilog loops                                 ; 5000               ; 5000               ;
; Iteration limit for non-constant Verilog loops                             ; 250                ; 250                ;
; Add Pass-Through Logic to Inferred RAMs                                    ; On                 ; On                 ;
; Infer RAMs from Raw Logic                                                  ; On                 ; On                 ;
; Parallel Synthesis                                                         ; On                 ; On                 ;
; DSP Block Balancing                                                        ; Auto               ; Auto               ;
; NOT Gate Push-Back                                                         ; On                 ; On                 ;
; Power-Up Don't Care                                                        ; On                 ; On                 ;
; Remove Redundant Logic Cells                                               ; Off                ; Off                ;
; Remove Duplicate Registers                                                 ; On                 ; On                 ;
; Ignore CARRY Buffers                                                       ; Off                ; Off                ;
; Ignore CASCADE Buffers                                                     ; Off                ; Off                ;
; Ignore GLOBAL Buffers                                                      ; Off                ; Off                ;
; Ignore ROW GLOBAL Buffers                                                  ; Off                ; Off                ;
; Ignore LCELL Buffers                                                       ; Off                ; Off                ;
; Ignore SOFT Buffers                                                        ; On                 ; On                 ;
; Limit AHDL Integers to 32 Bits                                             ; Off                ; Off                ;
; Optimization Technique                                                     ; Balanced           ; Balanced           ;
; Carry Chain Length                                                         ; 70                 ; 70                 ;
; Auto Carry Chains                                                          ; On                 ; On                 ;
; Auto Open-Drain Pins                                                       ; On                 ; On                 ;
; Perform WYSIWYG Primitive Resynthesis                                      ; Off                ; Off                ;
; Auto ROM Replacement                                                       ; On                 ; On                 ;
; Auto RAM Replacement                                                       ; On                 ; On                 ;
; Auto Shift Register Replacement                                            ; Auto               ; Auto               ;
; Allow Shift Register Merging across Hierarchies                            ; Auto               ; Auto               ;
; Auto Clock Enable Replacement                                              ; On                 ; On                 ;
; Strict RAM Replacement                                                     ; Off                ; Off                ;
; Allow Synchronous Control Signals                                          ; On                 ; On                 ;
; Force Use of Synchronous Clear Signals                                     ; Off                ; Off                ;
; Auto RAM to Logic Cell Conversion                                          ; Off                ; Off                ;
; Auto Resource Sharing                                                      ; Off                ; Off                ;
; Allow Any RAM Size For Recognition                                         ; Off                ; Off                ;
; Allow Any ROM Size For Recognition                                         ; Off                ; Off                ;
; Allow Any Shift Register Size For Recognition                              ; Off                ; Off                ;
; Use LogicLock Constraints during Resource Balancing                        ; On                 ; On                 ;
; Ignore translate_off and synthesis_off directives                          ; Off                ; Off                ;
; Timing-Driven Synthesis                                                    ; Off                ; Off                ;
; Report Parameter Settings                                                  ; On                 ; On                 ;
; Report Source Assignments                                                  ; On                 ; On                 ;
; Report Connectivity Checks                                                 ; On                 ; On                 ;
; Ignore Maximum Fan-Out Assignments                                         ; Off                ; Off                ;
; Synchronization Register Chain Length                                      ; 2                  ; 2                  ;
; PowerPlay Power Optimization                                               ; Normal compilation ; Normal compilation ;
; HDL message level                                                          ; Level2             ; Level2             ;
; Suppress Register Optimization Related Messages                            ; Off                ; Off                ;
; Number of Removed Registers Reported in Synthesis Report                   ; 5000               ; 5000               ;
; Number of Swept Nodes Reported in Synthesis Report                         ; 5000               ; 5000               ;
; Number of Inverted Registers Reported in Synthesis Report                  ; 100                ; 100                ;
; Clock MUX Protection                                                       ; On                 ; On                 ;
; Auto Gated Clock Conversion                                                ; Off                ; Off                ;
; Block Design Naming                                                        ; Auto               ; Auto               ;
; SDC constraint protection                                                  ; Off                ; Off                ;
; Synthesis Effort                                                           ; Auto               ; Auto               ;
; Shift Register Replacement - Allow Asynchronous Clear Signal               ; On                 ; On                 ;
; Pre-Mapping Resynthesis Optimization                                       ; Off                ; Off                ;
; Analysis & Synthesis Message Level                                         ; Medium             ; Medium             ;
; Disable Register Merging Across Hierarchies                                ; Auto               ; Auto               ;
; Resource Aware Inference For Block RAM                                     ; On                 ; On                 ;
; Synthesis Seed                                                             ; 1                  ; 1                  ;
+----------------------------------------------------------------------------+--------------------+--------------------+


Parallel compilation was disabled, but you have multiple processors available. Enable parallel compilation to reduce compilation time.
+-------------------------------------+
; Parallel Compilation                ;
+----------------------------+--------+
; Processors                 ; Number ;
+----------------------------+--------+
; Number detected on machine ; 4      ;
; Maximum allowed            ; 1      ;
+----------------------------+--------+


+------------------------------------------------------------------------------------------------------------------------------------------------------+
; Analysis & Synthesis IP Cores Summary                                                                                                                ;
+--------+--------------+---------+--------------+--------------+--------------------------+-----------------------------------------------------------+
; Vendor ; IP Core Name ; Version ; Release Date ; License Type ; Entity Instance          ; IP Include File                                           ;
+--------+--------------+---------+--------------+--------------+--------------------------+-----------------------------------------------------------+
; Altera ; RAM: 1-PORT  ; 13.0    ; N/A          ; N/A          ; |RISC_UNI|MEM_DATA:mem_d ; C:/Users/felip/Downloads/RISCV_UNI/RISCV_UNI/MEM_DATA.vhd ;
; Altera ; RAM: 1-PORT  ; 13.0    ; N/A          ; N/A          ; |RISC_UNI|MEM_INST:mem_i ; C:/Users/felip/Downloads/RISCV_UNI/RISCV_UNI/MEM_INST.vhd ;
+--------+--------------+---------+--------------+--------------+--------------------------+-----------------------------------------------------------+


+------------------------------------------------------------------------------------------------------+
; Source assignments for MEM_INST:mem_i|altsyncram:altsyncram_component|altsyncram_rrc1:auto_generated ;
+---------------------------------+--------------------+------+----------------------------------------+
; Assignment                      ; Value              ; From ; To                                     ;
+---------------------------------+--------------------+------+----------------------------------------+
; OPTIMIZE_POWER_DURING_SYNTHESIS ; NORMAL_COMPILATION ; -    ; -                                      ;
+---------------------------------+--------------------+------+----------------------------------------+


+------------------------------------------------------------------------------------------------------+
; Source assignments for MEM_DATA:mem_d|altsyncram:altsyncram_component|altsyncram_nqc1:auto_generated ;
+---------------------------------+--------------------+------+----------------------------------------+
; Assignment                      ; Value              ; From ; To                                     ;
+---------------------------------+--------------------+------+----------------------------------------+
; OPTIMIZE_POWER_DURING_SYNTHESIS ; NORMAL_COMPILATION ; -    ; -                                      ;
+---------------------------------+--------------------+------+----------------------------------------+


+---------------------------------------------------------------------------------------------+
; Parameter Settings for User Entity Instance: MEM_INST:mem_i|altsyncram:altsyncram_component ;
+------------------------------------+----------------------+---------------------------------+
; Parameter Name                     ; Value                ; Type                            ;
+------------------------------------+----------------------+---------------------------------+
; BYTE_SIZE_BLOCK                    ; 8                    ; Untyped                         ;
; AUTO_CARRY_CHAINS                  ; ON                   ; AUTO_CARRY                      ;
; IGNORE_CARRY_BUFFERS               ; OFF                  ; IGNORE_CARRY                    ;
; AUTO_CASCADE_CHAINS                ; ON                   ; AUTO_CASCADE                    ;
; IGNORE_CASCADE_BUFFERS             ; OFF                  ; IGNORE_CASCADE                  ;
; WIDTH_BYTEENA                      ; 1                    ; Untyped                         ;
; OPERATION_MODE                     ; SINGLE_PORT          ; Untyped                         ;
; WIDTH_A                            ; 32                   ; Signed Integer                  ;
; WIDTHAD_A                          ; 8                    ; Signed Integer                  ;
; NUMWORDS_A                         ; 256                  ; Signed Integer                  ;
; OUTDATA_REG_A                      ; UNREGISTERED         ; Untyped                         ;
; ADDRESS_ACLR_A                     ; NONE                 ; Untyped                         ;
; OUTDATA_ACLR_A                     ; NONE                 ; Untyped                         ;
; WRCONTROL_ACLR_A                   ; NONE                 ; Untyped                         ;
; INDATA_ACLR_A                      ; NONE                 ; Untyped                         ;
; BYTEENA_ACLR_A                     ; NONE                 ; Untyped                         ;
; WIDTH_B                            ; 1                    ; Untyped                         ;
; WIDTHAD_B                          ; 1                    ; Untyped                         ;
; NUMWORDS_B                         ; 1                    ; Untyped                         ;
; INDATA_REG_B                       ; CLOCK1               ; Untyped                         ;
; WRCONTROL_WRADDRESS_REG_B          ; CLOCK1               ; Untyped                         ;
; RDCONTROL_REG_B                    ; CLOCK1               ; Untyped                         ;
; ADDRESS_REG_B                      ; CLOCK1               ; Untyped                         ;
; OUTDATA_REG_B                      ; UNREGISTERED         ; Untyped                         ;
; BYTEENA_REG_B                      ; CLOCK1               ; Untyped                         ;
; INDATA_ACLR_B                      ; NONE                 ; Untyped                         ;
; WRCONTROL_ACLR_B                   ; NONE                 ; Untyped                         ;
; ADDRESS_ACLR_B                     ; NONE                 ; Untyped                         ;
; OUTDATA_ACLR_B                     ; NONE                 ; Untyped                         ;
; RDCONTROL_ACLR_B                   ; NONE                 ; Untyped                         ;
; BYTEENA_ACLR_B                     ; NONE                 ; Untyped                         ;
; WIDTH_BYTEENA_A                    ; 1                    ; Signed Integer                  ;
; WIDTH_BYTEENA_B                    ; 1                    ; Untyped                         ;
; RAM_BLOCK_TYPE                     ; AUTO                 ; Untyped                         ;
; BYTE_SIZE                          ; 8                    ; Untyped                         ;
; READ_DURING_WRITE_MODE_MIXED_PORTS ; DONT_CARE            ; Untyped                         ;
; READ_DURING_WRITE_MODE_PORT_A      ; NEW_DATA_NO_NBE_READ ; Untyped                         ;
; READ_DURING_WRITE_MODE_PORT_B      ; NEW_DATA_NO_NBE_READ ; Untyped                         ;
; INIT_FILE                          ; MEM_INST.            ; Untyped                         ;
; INIT_FILE_LAYOUT                   ; PORT_A               ; Untyped                         ;
; MAXIMUM_DEPTH                      ; 0                    ; Untyped                         ;
; CLOCK_ENABLE_INPUT_A               ; BYPASS               ; Untyped                         ;
; CLOCK_ENABLE_INPUT_B               ; NORMAL               ; Untyped                         ;
; CLOCK_ENABLE_OUTPUT_A              ; BYPASS               ; Untyped                         ;
; CLOCK_ENABLE_OUTPUT_B              ; NORMAL               ; Untyped                         ;
; CLOCK_ENABLE_CORE_A                ; USE_INPUT_CLKEN      ; Untyped                         ;
; CLOCK_ENABLE_CORE_B                ; USE_INPUT_CLKEN      ; Untyped                         ;
; ENABLE_ECC                         ; FALSE                ; Untyped                         ;
; ECC_PIPELINE_STAGE_ENABLED         ; FALSE                ; Untyped                         ;
; WIDTH_ECCSTATUS                    ; 3                    ; Untyped                         ;
; DEVICE_FAMILY                      ; Cyclone II           ; Untyped                         ;
; CBXI_PARAMETER                     ; altsyncram_rrc1      ; Untyped                         ;
+------------------------------------+----------------------+---------------------------------+
Note: In order to hide this table in the UI and the text report file, please set the "Show Parameter Settings in Synthesis Report" option in "Analysis and Synthesis Settings -> More Settings" to "Off".


+---------------------------------------------------------+
; Parameter Settings for User Entity Instance: XREGS:breg ;
+----------------+-------+--------------------------------+
; Parameter Name ; Value ; Type                           ;
+----------------+-------+--------------------------------+
; wsize          ; 32    ; Signed Integer                 ;
+----------------+-------+--------------------------------+
Note: In order to hide this table in the UI and the text report file, please set the "Show Parameter Settings in Synthesis Report" option in "Analysis and Synthesis Settings -> More Settings" to "Off".


+---------------------------------------------------------+
; Parameter Settings for User Entity Instance: ULA_RV:ula ;
+----------------+-------+--------------------------------+
; Parameter Name ; Value ; Type                           ;
+----------------+-------+--------------------------------+
; WSIZE          ; 32    ; Signed Integer                 ;
+----------------+-------+--------------------------------+
Note: In order to hide this table in the UI and the text report file, please set the "Show Parameter Settings in Synthesis Report" option in "Analysis and Synthesis Settings -> More Settings" to "Off".


+---------------------------------------------------------------------------------------------+
; Parameter Settings for User Entity Instance: MEM_DATA:mem_d|altsyncram:altsyncram_component ;
+------------------------------------+----------------------+---------------------------------+
; Parameter Name                     ; Value                ; Type                            ;
+------------------------------------+----------------------+---------------------------------+
; BYTE_SIZE_BLOCK                    ; 8                    ; Untyped                         ;
; AUTO_CARRY_CHAINS                  ; ON                   ; AUTO_CARRY                      ;
; IGNORE_CARRY_BUFFERS               ; OFF                  ; IGNORE_CARRY                    ;
; AUTO_CASCADE_CHAINS                ; ON                   ; AUTO_CASCADE                    ;
; IGNORE_CASCADE_BUFFERS             ; OFF                  ; IGNORE_CASCADE                  ;
; WIDTH_BYTEENA                      ; 1                    ; Untyped                         ;
; OPERATION_MODE                     ; SINGLE_PORT          ; Untyped                         ;
; WIDTH_A                            ; 32                   ; Signed Integer                  ;
; WIDTHAD_A                          ; 8                    ; Signed Integer                  ;
; NUMWORDS_A                         ; 256                  ; Signed Integer                  ;
; OUTDATA_REG_A                      ; UNREGISTERED         ; Untyped                         ;
; ADDRESS_ACLR_A                     ; NONE                 ; Untyped                         ;
; OUTDATA_ACLR_A                     ; NONE                 ; Untyped                         ;
; WRCONTROL_ACLR_A                   ; NONE                 ; Untyped                         ;
; INDATA_ACLR_A                      ; NONE                 ; Untyped                         ;
; BYTEENA_ACLR_A                     ; NONE                 ; Untyped                         ;
; WIDTH_B                            ; 1                    ; Untyped                         ;
; WIDTHAD_B                          ; 1                    ; Untyped                         ;
; NUMWORDS_B                         ; 1                    ; Untyped                         ;
; INDATA_REG_B                       ; CLOCK1               ; Untyped                         ;
; WRCONTROL_WRADDRESS_REG_B          ; CLOCK1               ; Untyped                         ;
; RDCONTROL_REG_B                    ; CLOCK1               ; Untyped                         ;
; ADDRESS_REG_B                      ; CLOCK1               ; Untyped                         ;
; OUTDATA_REG_B                      ; UNREGISTERED         ; Untyped                         ;
; BYTEENA_REG_B                      ; CLOCK1               ; Untyped                         ;
; INDATA_ACLR_B                      ; NONE                 ; Untyped                         ;
; WRCONTROL_ACLR_B                   ; NONE                 ; Untyped                         ;
; ADDRESS_ACLR_B                     ; NONE                 ; Untyped                         ;
; OUTDATA_ACLR_B                     ; NONE                 ; Untyped                         ;
; RDCONTROL_ACLR_B                   ; NONE                 ; Untyped                         ;
; BYTEENA_ACLR_B                     ; NONE                 ; Untyped                         ;
; WIDTH_BYTEENA_A                    ; 1                    ; Signed Integer                  ;
; WIDTH_BYTEENA_B                    ; 1                    ; Untyped                         ;
; RAM_BLOCK_TYPE                     ; AUTO                 ; Untyped                         ;
; BYTE_SIZE                          ; 8                    ; Untyped                         ;
; READ_DURING_WRITE_MODE_MIXED_PORTS ; DONT_CARE            ; Untyped                         ;
; READ_DURING_WRITE_MODE_PORT_A      ; NEW_DATA_NO_NBE_READ ; Untyped                         ;
; READ_DURING_WRITE_MODE_PORT_B      ; NEW_DATA_NO_NBE_READ ; Untyped                         ;
; INIT_FILE                          ; MEM_DATA.            ; Untyped                         ;
; INIT_FILE_LAYOUT                   ; PORT_A               ; Untyped                         ;
; MAXIMUM_DEPTH                      ; 0                    ; Untyped                         ;
; CLOCK_ENABLE_INPUT_A               ; BYPASS               ; Untyped                         ;
; CLOCK_ENABLE_INPUT_B               ; NORMAL               ; Untyped                         ;
; CLOCK_ENABLE_OUTPUT_A              ; BYPASS               ; Untyped                         ;
; CLOCK_ENABLE_OUTPUT_B              ; NORMAL               ; Untyped                         ;
; CLOCK_ENABLE_CORE_A                ; USE_INPUT_CLKEN      ; Untyped                         ;
; CLOCK_ENABLE_CORE_B                ; USE_INPUT_CLKEN      ; Untyped                         ;
; ENABLE_ECC                         ; FALSE                ; Untyped                         ;
; ECC_PIPELINE_STAGE_ENABLED         ; FALSE                ; Untyped                         ;
; WIDTH_ECCSTATUS                    ; 3                    ; Untyped                         ;
; DEVICE_FAMILY                      ; Cyclone II           ; Untyped                         ;
; CBXI_PARAMETER                     ; altsyncram_nqc1      ; Untyped                         ;
+------------------------------------+----------------------+---------------------------------+
Note: In order to hide this table in the UI and the text report file, please set the "Show Parameter Settings in Synthesis Report" option in "Analysis and Synthesis Settings -> More Settings" to "Off".


+--------------------------------------------------------------------------------------------+
; altsyncram Parameter Settings by Entity Instance                                           ;
+-------------------------------------------+------------------------------------------------+
; Name                                      ; Value                                          ;
+-------------------------------------------+------------------------------------------------+
; Number of entity instances                ; 2                                              ;
; Entity Instance                           ; MEM_INST:mem_i|altsyncram:altsyncram_component ;
;     -- OPERATION_MODE                     ; SINGLE_PORT                                    ;
;     -- WIDTH_A                            ; 32                                             ;
;     -- NUMWORDS_A                         ; 256                                            ;
;     -- OUTDATA_REG_A                      ; UNREGISTERED                                   ;
;     -- WIDTH_B                            ; 1                                              ;
;     -- NUMWORDS_B                         ; 1                                              ;
;     -- ADDRESS_REG_B                      ; CLOCK1                                         ;
;     -- OUTDATA_REG_B                      ; UNREGISTERED                                   ;
;     -- RAM_BLOCK_TYPE                     ; AUTO                                           ;
;     -- READ_DURING_WRITE_MODE_MIXED_PORTS ; DONT_CARE                                      ;
; Entity Instance                           ; MEM_DATA:mem_d|altsyncram:altsyncram_component ;
;     -- OPERATION_MODE                     ; SINGLE_PORT                                    ;
;     -- WIDTH_A                            ; 32                                             ;
;     -- NUMWORDS_A                         ; 256                                            ;
;     -- OUTDATA_REG_A                      ; UNREGISTERED                                   ;
;     -- WIDTH_B                            ; 1                                              ;
;     -- NUMWORDS_B                         ; 1                                              ;
;     -- ADDRESS_REG_B                      ; CLOCK1                                         ;
;     -- OUTDATA_REG_B                      ; UNREGISTERED                                   ;
;     -- RAM_BLOCK_TYPE                     ; AUTO                                           ;
;     -- READ_DURING_WRITE_MODE_MIXED_PORTS ; DONT_CARE                                      ;
+-------------------------------------------+------------------------------------------------+


+----------------------------------------------------------------------------------------------------------------+
; Port Connectivity Checks: "ULA_RV:ula"                                                                         ;
+------+--------+----------+-------------------------------------------------------------------------------------+
; Port ; Type   ; Severity ; Details                                                                             ;
+------+--------+----------+-------------------------------------------------------------------------------------+
; zero ; Output ; Info     ; Connected to dangling logic. Logic that only feeds a dangling port will be removed. ;
+------+--------+----------+-------------------------------------------------------------------------------------+


+-------------------------------------------------------------------------------------------------------------------+
; Port Connectivity Checks: "CNTRL:contr"                                                                           ;
+---------+--------+----------+-------------------------------------------------------------------------------------+
; Port    ; Type   ; Severity ; Details                                                                             ;
+---------+--------+----------+-------------------------------------------------------------------------------------+
; branch  ; Output ; Info     ; Connected to dangling logic. Logic that only feeds a dangling port will be removed. ;
; memread ; Output ; Info     ; Connected to dangling logic. Logic that only feeds a dangling port will be removed. ;
+---------+--------+----------+-------------------------------------------------------------------------------------+


+----------------------------------------+
; Port Connectivity Checks: "XREGS:breg" ;
+------+-------+----------+--------------+
; Port ; Type  ; Severity ; Details      ;
+------+-------+----------+--------------+
; rst  ; Input ; Info     ; Stuck at GND ;
+------+-------+----------+--------------+


+--------------------------------------------+
; Port Connectivity Checks: "MEM_INST:mem_i" ;
+---------+-------+----------+---------------+
; Port    ; Type  ; Severity ; Details       ;
+---------+-------+----------+---------------+
; address ; Input ; Info     ; Stuck at GND  ;
; data    ; Input ; Info     ; Stuck at GND  ;
; wren    ; Input ; Info     ; Stuck at GND  ;
+---------+-------+----------+---------------+


+-------------------------------+
; Elapsed Time Per Partition    ;
+----------------+--------------+
; Partition Name ; Elapsed Time ;
+----------------+--------------+
; Top            ; 00:00:00     ;
+----------------+--------------+


+-------------------------------+
; Analysis & Synthesis Messages ;
+-------------------------------+
Info: *******************************************************************
Info: Running Quartus II 64-Bit Analysis & Synthesis
    Info: Version 13.0.0 Build 156 04/24/2013 SJ Web Edition
    Info: Processing started: Tue Jul 09 17:45:42 2019
Info: Command: quartus_map --read_settings_files=on --write_settings_files=off RISC_UNI -c RISC_UNI
Warning (20028): Parallel compilation is not licensed and has been disabled
Info (12021): Found 2 design units, including 1 entities, in source file risc_uni.vhd
    Info (12022): Found design unit 1: RISC_UNI-RISC_arch
    Info (12023): Found entity 1: RISC_UNI
Info (12021): Found 2 design units, including 1 entities, in source file ula_rv.vhd
    Info (12022): Found design unit 1: ULA_RV-ULA_ARCH
    Info (12023): Found entity 1: ULA_RV
Info (12021): Found 1 design units, including 0 entities, in source file rv_pkg.vhd
    Info (12022): Found design unit 1: RV_PKG
Info (12021): Found 2 design units, including 1 entities, in source file xregs.vhd
    Info (12022): Found design unit 1: XREGS-arch_XREGS
    Info (12023): Found entity 1: XREGS
Info (12021): Found 2 design units, including 1 entities, in source file gen_imm32.vhd
    Info (12022): Found design unit 1: GEN_IMM32-GEN_arch
    Info (12023): Found entity 1: GEN_IMM32
Info (12021): Found 2 design units, including 1 entities, in source file mem_inst.vhd
    Info (12022): Found design unit 1: mem_inst-SYN
    Info (12023): Found entity 1: MEM_INST
Info (12021): Found 2 design units, including 1 entities, in source file mem_data.vhd
    Info (12022): Found design unit 1: mem_data-SYN
    Info (12023): Found entity 1: MEM_DATA
Info (12021): Found 2 design units, including 1 entities, in source file cntrl.vhd
    Info (12022): Found design unit 1: CNTRL-CNTRL_arch
    Info (12023): Found entity 1: CNTRL
Info (12021): Found 2 design units, including 1 entities, in source file cntrl_ula.vhd
    Info (12022): Found design unit 1: CNTRL_ULA-CNTRL_ULA_arch
    Info (12023): Found entity 1: CNTRL_ULA
Info (12127): Elaborating entity "RISC_UNI" for the top level hierarchy
Warning (10541): VHDL Signal Declaration warning at RISC_UNI.vhd(84): used implicit default value for signal "clock" because signal was never assigned a value or an explicit default value. Use of implicit default value may introduce unintended design optimizations.
Warning (10541): VHDL Signal Declaration warning at RISC_UNI.vhd(99): used implicit default value for signal "opcode" because signal was never assigned a value or an explicit default value. Use of implicit default value may introduce unintended design optimizations.
Warning (10036): Verilog HDL or VHDL warning at RISC_UNI.vhd(101): object "memRead" assigned a value but never read
Warning (10873): Using initial value X (don't care) for net "PC[9..2]" at RISC_UNI.vhd(81)
Info (12128): Elaborating entity "MEM_INST" for hierarchy "MEM_INST:mem_i"
Info (12128): Elaborating entity "altsyncram" for hierarchy "MEM_INST:mem_i|altsyncram:altsyncram_component"
Info (12130): Elaborated megafunction instantiation "MEM_INST:mem_i|altsyncram:altsyncram_component"
Info (12133): Instantiated megafunction "MEM_INST:mem_i|altsyncram:altsyncram_component" with the following parameter:
    Info (12134): Parameter "clock_enable_input_a" = "BYPASS"
    Info (12134): Parameter "clock_enable_output_a" = "BYPASS"
    Info (12134): Parameter "init_file" = "MEM_INST."
    Info (12134): Parameter "intended_device_family" = "Cyclone II"
    Info (12134): Parameter "lpm_hint" = "ENABLE_RUNTIME_MOD=NO"
    Info (12134): Parameter "lpm_type" = "altsyncram"
    Info (12134): Parameter "numwords_a" = "256"
    Info (12134): Parameter "operation_mode" = "SINGLE_PORT"
    Info (12134): Parameter "outdata_aclr_a" = "NONE"
    Info (12134): Parameter "outdata_reg_a" = "UNREGISTERED"
    Info (12134): Parameter "power_up_uninitialized" = "FALSE"
    Info (12134): Parameter "widthad_a" = "8"
    Info (12134): Parameter "width_a" = "32"
    Info (12134): Parameter "width_byteena_a" = "1"
Info (12021): Found 1 design units, including 1 entities, in source file db/altsyncram_rrc1.tdf
    Info (12023): Found entity 1: altsyncram_rrc1
Info (12128): Elaborating entity "altsyncram_rrc1" for hierarchy "MEM_INST:mem_i|altsyncram:altsyncram_component|altsyncram_rrc1:auto_generated"
Info (12128): Elaborating entity "GEN_IMM32" for hierarchy "GEN_IMM32:gerador_imm"
Info (12128): Elaborating entity "XREGS" for hierarchy "XREGS:breg"
Warning (10027): Verilog HDL or VHDL warning at the XREGS.vhd(22): index expression is not wide enough to address all of the elements in the array
Info (12128): Elaborating entity "CNTRL" for hierarchy "CNTRL:contr"
Warning (10631): VHDL Process Statement warning at CNTRL.vhd(37): inferring latch(es) for signal or variable "branchSignal", which holds its previous value in one or more paths through the process
Warning (10631): VHDL Process Statement warning at CNTRL.vhd(37): inferring latch(es) for signal or variable "memReadSignal", which holds its previous value in one or more paths through the process
Warning (10631): VHDL Process Statement warning at CNTRL.vhd(37): inferring latch(es) for signal or variable "mem2RegSignal", which holds its previous value in one or more paths through the process
Warning (10631): VHDL Process Statement warning at CNTRL.vhd(37): inferring latch(es) for signal or variable "memWriteSignal", which holds its previous value in one or more paths through the process
Warning (10631): VHDL Process Statement warning at CNTRL.vhd(37): inferring latch(es) for signal or variable "ulaSrcSignal", which holds its previous value in one or more paths through the process
Warning (10631): VHDL Process Statement warning at CNTRL.vhd(37): inferring latch(es) for signal or variable "ulaOpSignal", which holds its previous value in one or more paths through the process
Warning (10631): VHDL Process Statement warning at CNTRL.vhd(37): inferring latch(es) for signal or variable "regWriteSignal", which holds its previous value in one or more paths through the process
Info (10041): Inferred latch for "regWriteSignal" at CNTRL.vhd(37)
Info (10041): Inferred latch for "ulaOpSignal[0]" at CNTRL.vhd(37)
Info (10041): Inferred latch for "ulaOpSignal[1]" at CNTRL.vhd(37)
Info (10041): Inferred latch for "ulaSrcSignal" at CNTRL.vhd(37)
Info (10041): Inferred latch for "memWriteSignal" at CNTRL.vhd(37)
Info (10041): Inferred latch for "mem2RegSignal" at CNTRL.vhd(37)
Info (10041): Inferred latch for "memReadSignal" at CNTRL.vhd(37)
Info (10041): Inferred latch for "branchSignal" at CNTRL.vhd(37)
Info (12128): Elaborating entity "ULA_RV" for hierarchy "ULA_RV:ula"
Info (12128): Elaborating entity "CNTRL_ULA" for hierarchy "CNTRL_ULA:ula_cnt"
Warning (10631): VHDL Process Statement warning at CNTRL_ULA.vhd(19): inferring latch(es) for signal or variable "opcodeSignal", which holds its previous value in one or more paths through the process
Info (10041): Inferred latch for "opcodeSignal.SNE_OP" at CNTRL_ULA.vhd(19)
Info (10041): Inferred latch for "opcodeSignal.SEQ_OP" at CNTRL_ULA.vhd(19)
Info (10041): Inferred latch for "opcodeSignal.SGEU_OP" at CNTRL_ULA.vhd(19)
Info (10041): Inferred latch for "opcodeSignal.SGE_OP" at CNTRL_ULA.vhd(19)
Info (10041): Inferred latch for "opcodeSignal.SLTU_OP" at CNTRL_ULA.vhd(19)
Info (10041): Inferred latch for "opcodeSignal.SLT_OP" at CNTRL_ULA.vhd(19)
Info (10041): Inferred latch for "opcodeSignal.SRA_OP" at CNTRL_ULA.vhd(19)
Info (10041): Inferred latch for "opcodeSignal.SRL_OP" at CNTRL_ULA.vhd(19)
Info (10041): Inferred latch for "opcodeSignal.SLL_OP" at CNTRL_ULA.vhd(19)
Info (10041): Inferred latch for "opcodeSignal.XOR_OP" at CNTRL_ULA.vhd(19)
Info (10041): Inferred latch for "opcodeSignal.NOR_OP" at CNTRL_ULA.vhd(19)
Info (10041): Inferred latch for "opcodeSignal.OR_OP" at CNTRL_ULA.vhd(19)
Info (10041): Inferred latch for "opcodeSignal.AND_OP" at CNTRL_ULA.vhd(19)
Info (10041): Inferred latch for "opcodeSignal.SUB_OP" at CNTRL_ULA.vhd(19)
Info (10041): Inferred latch for "opcodeSignal.ADD_OP" at CNTRL_ULA.vhd(19)
Info (12128): Elaborating entity "MEM_DATA" for hierarchy "MEM_DATA:mem_d"
Info (12128): Elaborating entity "altsyncram" for hierarchy "MEM_DATA:mem_d|altsyncram:altsyncram_component"
Info (12130): Elaborated megafunction instantiation "MEM_DATA:mem_d|altsyncram:altsyncram_component"
Info (12133): Instantiated megafunction "MEM_DATA:mem_d|altsyncram:altsyncram_component" with the following parameter:
    Info (12134): Parameter "clock_enable_input_a" = "BYPASS"
    Info (12134): Parameter "clock_enable_output_a" = "BYPASS"
    Info (12134): Parameter "init_file" = "MEM_DATA."
    Info (12134): Parameter "intended_device_family" = "Cyclone II"
    Info (12134): Parameter "lpm_hint" = "ENABLE_RUNTIME_MOD=NO"
    Info (12134): Parameter "lpm_type" = "altsyncram"
    Info (12134): Parameter "numwords_a" = "256"
    Info (12134): Parameter "operation_mode" = "SINGLE_PORT"
    Info (12134): Parameter "outdata_aclr_a" = "NONE"
    Info (12134): Parameter "outdata_reg_a" = "UNREGISTERED"
    Info (12134): Parameter "power_up_uninitialized" = "FALSE"
    Info (12134): Parameter "widthad_a" = "8"
    Info (12134): Parameter "width_a" = "32"
    Info (12134): Parameter "width_byteena_a" = "1"
Info (12021): Found 1 design units, including 1 entities, in source file db/altsyncram_nqc1.tdf
    Info (12023): Found entity 1: altsyncram_nqc1
Info (12128): Elaborating entity "altsyncram_nqc1" for hierarchy "MEM_DATA:mem_d|altsyncram:altsyncram_component|altsyncram_nqc1:auto_generated"
Critical Warning (127003): Can't find Memory Initialization File or Hexadecimal (Intel-Format) File C:/Users/felip/Downloads/RISCV_UNI/RISCV_UNI/MEM_DATA. -- setting all initial values to 0
Warning (14284): Synthesized away the following node(s):
    Warning (14285): Synthesized away the following RAM node(s):
        Warning (14320): Synthesized away node "MEM_DATA:mem_d|altsyncram:altsyncram_component|altsyncram_nqc1:auto_generated|q_a[0]"
        Warning (14320): Synthesized away node "MEM_DATA:mem_d|altsyncram:altsyncram_component|altsyncram_nqc1:auto_generated|q_a[1]"
        Warning (14320): Synthesized away node "MEM_DATA:mem_d|altsyncram:altsyncram_component|altsyncram_nqc1:auto_generated|q_a[2]"
        Warning (14320): Synthesized away node "MEM_DATA:mem_d|altsyncram:altsyncram_component|altsyncram_nqc1:auto_generated|q_a[3]"
        Warning (14320): Synthesized away node "MEM_DATA:mem_d|altsyncram:altsyncram_component|altsyncram_nqc1:auto_generated|q_a[4]"
        Warning (14320): Synthesized away node "MEM_DATA:mem_d|altsyncram:altsyncram_component|altsyncram_nqc1:auto_generated|q_a[5]"
        Warning (14320): Synthesized away node "MEM_DATA:mem_d|altsyncram:altsyncram_component|altsyncram_nqc1:auto_generated|q_a[6]"
        Warning (14320): Synthesized away node "MEM_DATA:mem_d|altsyncram:altsyncram_component|altsyncram_nqc1:auto_generated|q_a[7]"
        Warning (14320): Synthesized away node "MEM_DATA:mem_d|altsyncram:altsyncram_component|altsyncram_nqc1:auto_generated|q_a[8]"
        Warning (14320): Synthesized away node "MEM_DATA:mem_d|altsyncram:altsyncram_component|altsyncram_nqc1:auto_generated|q_a[9]"
        Warning (14320): Synthesized away node "MEM_DATA:mem_d|altsyncram:altsyncram_component|altsyncram_nqc1:auto_generated|q_a[10]"
        Warning (14320): Synthesized away node "MEM_DATA:mem_d|altsyncram:altsyncram_component|altsyncram_nqc1:auto_generated|q_a[11]"
        Warning (14320): Synthesized away node "MEM_DATA:mem_d|altsyncram:altsyncram_component|altsyncram_nqc1:auto_generated|q_a[12]"
        Warning (14320): Synthesized away node "MEM_DATA:mem_d|altsyncram:altsyncram_component|altsyncram_nqc1:auto_generated|q_a[13]"
        Warning (14320): Synthesized away node "MEM_DATA:mem_d|altsyncram:altsyncram_component|altsyncram_nqc1:auto_generated|q_a[14]"
        Warning (14320): Synthesized away node "MEM_DATA:mem_d|altsyncram:altsyncram_component|altsyncram_nqc1:auto_generated|q_a[15]"
        Warning (14320): Synthesized away node "MEM_DATA:mem_d|altsyncram:altsyncram_component|altsyncram_nqc1:auto_generated|q_a[16]"
        Warning (14320): Synthesized away node "MEM_DATA:mem_d|altsyncram:altsyncram_component|altsyncram_nqc1:auto_generated|q_a[17]"
        Warning (14320): Synthesized away node "MEM_DATA:mem_d|altsyncram:altsyncram_component|altsyncram_nqc1:auto_generated|q_a[18]"
        Warning (14320): Synthesized away node "MEM_DATA:mem_d|altsyncram:altsyncram_component|altsyncram_nqc1:auto_generated|q_a[19]"
        Warning (14320): Synthesized away node "MEM_DATA:mem_d|altsyncram:altsyncram_component|altsyncram_nqc1:auto_generated|q_a[20]"
        Warning (14320): Synthesized away node "MEM_DATA:mem_d|altsyncram:altsyncram_component|altsyncram_nqc1:auto_generated|q_a[21]"
        Warning (14320): Synthesized away node "MEM_DATA:mem_d|altsyncram:altsyncram_component|altsyncram_nqc1:auto_generated|q_a[22]"
        Warning (14320): Synthesized away node "MEM_DATA:mem_d|altsyncram:altsyncram_component|altsyncram_nqc1:auto_generated|q_a[23]"
        Warning (14320): Synthesized away node "MEM_DATA:mem_d|altsyncram:altsyncram_component|altsyncram_nqc1:auto_generated|q_a[24]"
        Warning (14320): Synthesized away node "MEM_DATA:mem_d|altsyncram:altsyncram_component|altsyncram_nqc1:auto_generated|q_a[25]"
        Warning (14320): Synthesized away node "MEM_DATA:mem_d|altsyncram:altsyncram_component|altsyncram_nqc1:auto_generated|q_a[26]"
        Warning (14320): Synthesized away node "MEM_DATA:mem_d|altsyncram:altsyncram_component|altsyncram_nqc1:auto_generated|q_a[27]"
        Warning (14320): Synthesized away node "MEM_DATA:mem_d|altsyncram:altsyncram_component|altsyncram_nqc1:auto_generated|q_a[28]"
        Warning (14320): Synthesized away node "MEM_DATA:mem_d|altsyncram:altsyncram_component|altsyncram_nqc1:auto_generated|q_a[29]"
        Warning (14320): Synthesized away node "MEM_DATA:mem_d|altsyncram:altsyncram_component|altsyncram_nqc1:auto_generated|q_a[30]"
        Warning (14320): Synthesized away node "MEM_DATA:mem_d|altsyncram:altsyncram_component|altsyncram_nqc1:auto_generated|q_a[31]"
        Warning (14320): Synthesized away node "MEM_INST:mem_i|altsyncram:altsyncram_component|altsyncram_rrc1:auto_generated|q_a[0]"
        Warning (14320): Synthesized away node "MEM_INST:mem_i|altsyncram:altsyncram_component|altsyncram_rrc1:auto_generated|q_a[1]"
        Warning (14320): Synthesized away node "MEM_INST:mem_i|altsyncram:altsyncram_component|altsyncram_rrc1:auto_generated|q_a[2]"
        Warning (14320): Synthesized away node "MEM_INST:mem_i|altsyncram:altsyncram_component|altsyncram_rrc1:auto_generated|q_a[3]"
        Warning (14320): Synthesized away node "MEM_INST:mem_i|altsyncram:altsyncram_component|altsyncram_rrc1:auto_generated|q_a[4]"
        Warning (14320): Synthesized away node "MEM_INST:mem_i|altsyncram:altsyncram_component|altsyncram_rrc1:auto_generated|q_a[5]"
        Warning (14320): Synthesized away node "MEM_INST:mem_i|altsyncram:altsyncram_component|altsyncram_rrc1:auto_generated|q_a[6]"
        Warning (14320): Synthesized away node "MEM_INST:mem_i|altsyncram:altsyncram_component|altsyncram_rrc1:auto_generated|q_a[7]"
        Warning (14320): Synthesized away node "MEM_INST:mem_i|altsyncram:altsyncram_component|altsyncram_rrc1:auto_generated|q_a[8]"
        Warning (14320): Synthesized away node "MEM_INST:mem_i|altsyncram:altsyncram_component|altsyncram_rrc1:auto_generated|q_a[9]"
        Warning (14320): Synthesized away node "MEM_INST:mem_i|altsyncram:altsyncram_component|altsyncram_rrc1:auto_generated|q_a[10]"
        Warning (14320): Synthesized away node "MEM_INST:mem_i|altsyncram:altsyncram_component|altsyncram_rrc1:auto_generated|q_a[11]"
        Warning (14320): Synthesized away node "MEM_INST:mem_i|altsyncram:altsyncram_component|altsyncram_rrc1:auto_generated|q_a[12]"
        Warning (14320): Synthesized away node "MEM_INST:mem_i|altsyncram:altsyncram_component|altsyncram_rrc1:auto_generated|q_a[13]"
        Warning (14320): Synthesized away node "MEM_INST:mem_i|altsyncram:altsyncram_component|altsyncram_rrc1:auto_generated|q_a[14]"
        Warning (14320): Synthesized away node "MEM_INST:mem_i|altsyncram:altsyncram_component|altsyncram_rrc1:auto_generated|q_a[15]"
        Warning (14320): Synthesized away node "MEM_INST:mem_i|altsyncram:altsyncram_component|altsyncram_rrc1:auto_generated|q_a[16]"
        Warning (14320): Synthesized away node "MEM_INST:mem_i|altsyncram:altsyncram_component|altsyncram_rrc1:auto_generated|q_a[17]"
        Warning (14320): Synthesized away node "MEM_INST:mem_i|altsyncram:altsyncram_component|altsyncram_rrc1:auto_generated|q_a[18]"
        Warning (14320): Synthesized away node "MEM_INST:mem_i|altsyncram:altsyncram_component|altsyncram_rrc1:auto_generated|q_a[19]"
        Warning (14320): Synthesized away node "MEM_INST:mem_i|altsyncram:altsyncram_component|altsyncram_rrc1:auto_generated|q_a[20]"
        Warning (14320): Synthesized away node "MEM_INST:mem_i|altsyncram:altsyncram_component|altsyncram_rrc1:auto_generated|q_a[21]"
        Warning (14320): Synthesized away node "MEM_INST:mem_i|altsyncram:altsyncram_component|altsyncram_rrc1:auto_generated|q_a[22]"
        Warning (14320): Synthesized away node "MEM_INST:mem_i|altsyncram:altsyncram_component|altsyncram_rrc1:auto_generated|q_a[23]"
        Warning (14320): Synthesized away node "MEM_INST:mem_i|altsyncram:altsyncram_component|altsyncram_rrc1:auto_generated|q_a[24]"
        Warning (14320): Synthesized away node "MEM_INST:mem_i|altsyncram:altsyncram_component|altsyncram_rrc1:auto_generated|q_a[25]"
        Warning (14320): Synthesized away node "MEM_INST:mem_i|altsyncram:altsyncram_component|altsyncram_rrc1:auto_generated|q_a[26]"
        Warning (14320): Synthesized away node "MEM_INST:mem_i|altsyncram:altsyncram_component|altsyncram_rrc1:auto_generated|q_a[27]"
        Warning (14320): Synthesized away node "MEM_INST:mem_i|altsyncram:altsyncram_component|altsyncram_rrc1:auto_generated|q_a[28]"
        Warning (14320): Synthesized away node "MEM_INST:mem_i|altsyncram:altsyncram_component|altsyncram_rrc1:auto_generated|q_a[29]"
        Warning (14320): Synthesized away node "MEM_INST:mem_i|altsyncram:altsyncram_component|altsyncram_rrc1:auto_generated|q_a[30]"
        Warning (14320): Synthesized away node "MEM_INST:mem_i|altsyncram:altsyncram_component|altsyncram_rrc1:auto_generated|q_a[31]"
Error (12061): Can't synthesize current design -- Top partition does not contain any logic
Error: Quartus II 64-Bit Analysis & Synthesis was unsuccessful. 1 error, 81 warnings
    Error: Peak virtual memory: 4683 megabytes
    Error: Processing ended: Tue Jul 09 17:45:45 2019
    Error: Elapsed time: 00:00:03
    Error: Total CPU time (on all processors): 00:00:03


